<?xml version="1.0" encoding="UTF-8"?>
<!-- Generated by org.testng.reporters.JUnitXMLReporter -->
<testsuite ignored="0" hostname="DESKTOP-2IDJD0K" failures="0" tests="4" name="Child1" time="19.756" errors="0" timestamp="2023-01-24T15:55:44 IST">
  <testcase classname="LMS.LoginLMS" name="title" time="0.03"/>
  <testcase classname="LMS.LoginLMS" name="verifyusernamevisibleornot" time="0.172"/>
  <testcase classname="LMS.LoginLMS" name="verifypasswordvisibleornot" time="0.107"/>
  <testcase classname="LMS.LoginLMS" name="username" time="9.239"/>
</testsuite> <!-- Child1 -->
