<?xml version="1.0" encoding="UTF-8"?>
<!-- Generated by org.testng.reporters.JUnitXMLReporter -->
<testsuite ignored="6" hostname="DESKTOP-2IDJD0K" failures="0" tests="2" name="Forgotpass" time="11.581" errors="0" timestamp="2023-01-24T21:18:01 IST">
  <testcase classname="LMS.LoginLMS" name="title" time="0.046"/>
  <testcase classname="LMS.ForgortPass" name="fpass" time="1.959"/>
  <testcase classname="LMS.LoginLMS" name="verifyusernamevisibleornot" time="0.0">
    <ignored/>
  </testcase> <!-- verifyusernamevisibleornot -->
  <testcase classname="LMS.LoginLMS" name="apk" time="0.0">
    <ignored/>
  </testcase> <!-- apk -->
  <testcase classname="LMS.LoginLMS" name="verifypasswordvisibleornot" time="0.0">
    <ignored/>
  </testcase> <!-- verifypasswordvisibleornot -->
  <testcase classname="LMS.LoginLMS" name="username" time="0.0">
    <ignored/>
  </testcase> <!-- username -->
  <testcase classname="LMS.LoginLMS" name="playlist" time="0.0">
    <ignored/>
  </testcase> <!-- playlist -->
  <testcase classname="LMS.LoginLMS" name="footer" time="0.0">
    <ignored/>
  </testcase> <!-- footer -->
</testsuite> <!-- Forgotpass -->
