<?xml version="1.0" encoding="UTF-8"?>
<!-- Generated by org.testng.reporters.JUnitXMLReporter -->
<testsuite ignored="5" hostname="DESKTOP-2IDJD0K" failures="0" tests="6" name="Getupdate" time="25.695" errors="0" timestamp="2023-01-25T21:56:13 IST">
  <testcase classname="LMS.LoginLMS" name="title" time="0.038"/>
  <testcase classname="LMS.LoginLMS" name="verifyusernamevisibleornot" time="0.206"/>
  <testcase classname="LMS.LoginLMS" name="verifypasswordvisibleornot" time="0.093"/>
  <testcase classname="LMS.LoginLMS" name="username" time="12.161"/>
  <testcase classname="LMS.GetUpdates" name="subscribe" time="0.613"/>
  <testcase classname="LMS.GetUpdates" name="Getupdate" time="0.594"/>
  <testcase classname="LMS.LoginLMS" name="apk" time="0.0">
    <ignored/>
  </testcase> <!-- apk -->
  <testcase classname="LMS.LoginLMS" name="message" time="0.0">
    <ignored/>
  </testcase> <!-- message -->
  <testcase classname="LMS.LoginLMS" name="email" time="0.0">
    <ignored/>
  </testcase> <!-- email -->
  <testcase classname="LMS.LoginLMS" name="playlist" time="0.0">
    <ignored/>
  </testcase> <!-- playlist -->
  <testcase classname="LMS.LoginLMS" name="footer" time="0.0">
    <ignored/>
  </testcase> <!-- footer -->
</testsuite> <!-- Getupdate -->
