<?xml version="1.0" encoding="UTF-8"?>
<!-- Generated by org.testng.reporters.JUnitXMLReporter -->
<testsuite ignored="0" hostname="DESKTOP-2IDJD0K" failures="0" tests="5" name="GetUpdates" time="16.081" errors="0" timestamp="2023-01-24T17:37:06 IST">
  <testcase classname="LMS.LoginLMS" name="title" time="0.022"/>
  <testcase classname="LMS.LoginLMS" name="verifyusernamevisibleornot" time="0.131"/>
  <testcase classname="LMS.LoginLMS" name="verifypasswordvisibleornot" time="0.127"/>
  <testcase classname="LMS.LoginLMS" name="username" time="3.656"/>
  <testcase classname="LMS.GetUpdates" name="Getupdate" time="2.11"/>
</testsuite> <!-- GetUpdates -->
