<?xml version="1.0" encoding="UTF-8"?>
<testng-results ignored="5" total="11" passed="6" failed="0" skipped="0">
  <reporter-output>
  </reporter-output>
  <suite started-at="2023-01-25T21:55:47 IST" name="Suite" finished-at="2023-01-25T21:56:13 IST" duration-ms="25695">
    <groups>
    </groups>
    <test started-at="2023-01-25T21:55:47 IST" name="Getupdate" finished-at="2023-01-25T21:56:13 IST" duration-ms="25695">
      <class name="LMS.GetUpdates">
        <test-method is-config="true" signature="Openbrowser()[pri:0, instance:LMS.GetUpdates@e15b7e8]" started-at="2023-01-25T21:55:47 IST" name="Openbrowser" finished-at="2023-01-25T21:55:57 IST" duration-ms="9181" status="PASS">
          <reporter-output>
          </reporter-output>
        </test-method> <!-- Openbrowser -->
        <test-method signature="title()[pri:1, instance:LMS.GetUpdates@e15b7e8]" started-at="2023-01-25T21:55:57 IST" name="title" finished-at="2023-01-25T21:55:57 IST" duration-ms="38" status="PASS">
          <reporter-output>
          </reporter-output>
        </test-method> <!-- title -->
        <test-method signature="verifyusernamevisibleornot()[pri:2, instance:LMS.GetUpdates@e15b7e8]" started-at="2023-01-25T21:55:57 IST" name="verifyusernamevisibleornot" finished-at="2023-01-25T21:55:57 IST" duration-ms="206" status="PASS">
          <reporter-output>
          </reporter-output>
        </test-method> <!-- verifyusernamevisibleornot -->
        <test-method signature="verifypasswordvisibleornot()[pri:3, instance:LMS.GetUpdates@e15b7e8]" started-at="2023-01-25T21:55:57 IST" name="verifypasswordvisibleornot" finished-at="2023-01-25T21:55:57 IST" duration-ms="93" status="PASS">
          <reporter-output>
          </reporter-output>
        </test-method> <!-- verifypasswordvisibleornot -->
        <test-method signature="username()[pri:4, instance:LMS.GetUpdates@e15b7e8]" started-at="2023-01-25T21:55:57 IST" name="username" finished-at="2023-01-25T21:56:09 IST" duration-ms="12161" status="PASS">
          <reporter-output>
          </reporter-output>
        </test-method> <!-- username -->
        <test-method signature="subscribe()[pri:5, instance:LMS.GetUpdates@e15b7e8]" started-at="2023-01-25T21:56:09 IST" name="subscribe" finished-at="2023-01-25T21:56:10 IST" duration-ms="613" status="PASS">
          <reporter-output>
          </reporter-output>
        </test-method> <!-- subscribe -->
        <test-method signature="Getupdate()[pri:6, instance:LMS.GetUpdates@e15b7e8]" started-at="2023-01-25T21:56:10 IST" name="Getupdate" finished-at="2023-01-25T21:56:10 IST" duration-ms="594" status="PASS">
          <reporter-output>
          </reporter-output>
        </test-method> <!-- Getupdate -->
        <test-method is-config="true" signature="Closebrowser()[pri:0, instance:LMS.GetUpdates@e15b7e8]" started-at="2023-01-25T21:56:10 IST" name="Closebrowser" finished-at="2023-01-25T21:56:13 IST" duration-ms="2715" status="PASS">
          <reporter-output>
          </reporter-output>
        </test-method> <!-- Closebrowser -->
      </class> <!-- LMS.GetUpdates -->
    </test> <!-- Getupdate -->
  </suite> <!-- Suite -->
</testng-results>
